[INFO] Scanning for projects...
[INFO] 
[INFO] ----------------< com.reportit:user-management-service >----------------
[INFO] Building reportit-user-management-service 1.0.0
[INFO]   from pom.xml
[INFO] --------------------------------[ jar ]---------------------------------
[INFO] 
[INFO] >>> spring-boot:3.2.5:run (default-cli) > test-compile @ user-management-service >>>
[INFO] 
[INFO] --- resources:3.3.1:resources (default-resources) @ user-management-service ---
[INFO] Copying 2 resources from src\main\resources to target\classes
[INFO] Copying 0 resource from src\main\resources to target\classes
[INFO] 
[INFO] --- compiler:3.11.0:compile (default-compile) @ user-management-service ---
[INFO] Changes detected - recompiling the module! :source
[INFO] Compiling 63 source files with javac [debug release 17] to target\classes
[INFO] /C:/Users/jothi/OneDrive/Documents/ReportIt-main (1)/reportit-backend/user-management-service/src/main/java/com/reportit/usermgmt/otp/OtpService.java: C:\Users\jothi\OneDrive\Documents\ReportIt-main (1)\reportit-backend\user-management-service\src\main\java\com\reportit\usermgmt\otp\OtpService.java uses unchecked or unsafe operations.
[INFO] /C:/Users/jothi/OneDrive/Documents/ReportIt-main (1)/reportit-backend/user-management-service/src/main/java/com/reportit/usermgmt/otp/OtpService.java: Recompile with -Xlint:unchecked for details.
[INFO] 
[INFO] --- resources:3.3.1:testResources (default-testResources) @ user-management-service ---
[INFO] skip non existing resourceDirectory C:\Users\jothi\OneDrive\Documents\ReportIt-main (1)\reportit-backend\user-management-service\src\test\resources
[INFO] 
[INFO] --- compiler:3.11.0:testCompile (default-testCompile) @ user-management-service ---
[INFO] No sources to compile
[INFO] 
[INFO] <<< spring-boot:3.2.5:run (default-cli) < test-compile @ user-management-service <<<
[INFO] 
[INFO] 
[INFO] --- spring-boot:3.2.5:run (default-cli) @ user-management-service ---
[INFO] Attaching agents: []

  .   ____          _            __ _ _
 /\\ / ___'_ __ _ _(_)_ __  __ _ \ \ \ \
( ( )\___ | '_ | '_| | '_ \/ _` | \ \ \ \
 \\/  ___)| |_)| | | | | || (_| |  ) ) ) )
  '  |____| .__|_| |_|_| |_\__, | / / / /
 =========|_|==============|___/=/_/_/_/
 :: Spring Boot ::                (v3.2.5)

2026-06-06T13:08:15.121+05:30  INFO 3748 --- [user-management-service] [           main] c.r.usermgmt.UserManagementApplication   : Starting UserManagementApplication using Java 21.0.9 with PID 3748 (C:\Users\jothi\OneDrive\Documents\ReportIt-main (1)\reportit-backend\user-management-service\target\classes started by jothi in C:\Users\jothi\OneDrive\Documents\ReportIt-main (1)\reportit-backend\user-management-service)
2026-06-06T13:08:15.125+05:30  INFO 3748 --- [user-management-service] [           main] c.r.usermgmt.UserManagementApplication   : The following 1 profile is active: "local"
2026-06-06T13:08:16.926+05:30  INFO 3748 --- [user-management-service] [           main] .s.d.r.c.RepositoryConfigurationDelegate : Bootstrapping Spring Data JPA repositories in DEFAULT mode.
2026-06-06T13:08:17.164+05:30  INFO 3748 --- [user-management-service] [           main] .s.d.r.c.RepositoryConfigurationDelegate : Finished Spring Data repository scanning in 217 ms. Found 13 JPA repository interfaces.
2026-06-06T13:08:18.955+05:30  INFO 3748 --- [user-management-service] [           main] o.s.b.w.embedded.tomcat.TomcatWebServer  : Tomcat initialized with port 8082 (http)
2026-06-06T13:08:18.980+05:30  INFO 3748 --- [user-management-service] [           main] o.apache.catalina.core.StandardService   : Starting service [Tomcat]
2026-06-06T13:08:18.981+05:30  INFO 3748 --- [user-management-service] [           main] o.apache.catalina.core.StandardEngine    : Starting Servlet engine: [Apache Tomcat/10.1.20]
2026-06-06T13:08:19.060+05:30  INFO 3748 --- [user-management-service] [           main] o.a.c.c.C.[Tomcat].[localhost].[/]       : Initializing Spring embedded WebApplicationContext
2026-06-06T13:08:19.062+05:30  INFO 3748 --- [user-management-service] [           main] w.s.c.ServletWebServerApplicationContext : Root WebApplicationContext: initialization completed in 3826 ms
2026-06-06T13:08:19.482+05:30  INFO 3748 --- [user-management-service] [           main] o.hibernate.jpa.internal.util.LogHelper  : HHH000204: Processing PersistenceUnitInfo [name: default]
2026-06-06T13:08:19.608+05:30  INFO 3748 --- [user-management-service] [           main] org.hibernate.Version                    : HHH000412: Hibernate ORM core version 6.4.4.Final
2026-06-06T13:08:19.677+05:30  INFO 3748 --- [user-management-service] [           main] o.h.c.internal.RegionFactoryInitiator    : HHH000026: Second-level cache disabled
2026-06-06T13:08:20.143+05:30  INFO 3748 --- [user-management-service] [           main] o.s.o.j.p.SpringPersistenceUnitInfo      : No LoadTimeWeaver setup: ignoring JPA class transformer
2026-06-06T13:08:20.190+05:30  INFO 3748 --- [user-management-service] [           main] com.zaxxer.hikari.HikariDataSource       : HikariPool-1 - Starting...
2026-06-06T13:08:24.493+05:30  INFO 3748 --- [user-management-service] [           main] com.zaxxer.hikari.pool.HikariPool        : HikariPool-1 - Added connection conn0: url=jdbc:h2:file:./../data/reportit-db user=SA
2026-06-06T13:08:24.496+05:30  INFO 3748 --- [user-management-service] [           main] com.zaxxer.hikari.HikariDataSource       : HikariPool-1 - Start completed.
2026-06-06T13:08:24.556+05:30  WARN 3748 --- [user-management-service] [           main] org.hibernate.orm.deprecation            : HHH90000025: H2Dialect does not need to be specified explicitly using 'hibernate.dialect' (remove the property setting and it will be selected by default)
2026-06-06T13:08:26.352+05:30  INFO 3748 --- [user-management-service] [           main] o.h.e.t.j.p.i.JtaPlatformInitiator       : HHH000489: No JTA platform available (set 'hibernate.transaction.jta.platform' to enable JTA platform integration)
2026-06-06T13:08:26.514+05:30  INFO 3748 --- [user-management-service] [           main] j.LocalContainerEntityManagerFactoryBean : Initialized JPA EntityManagerFactory for persistence unit 'default'
2026-06-06T13:08:27.822+05:30  WARN 3748 --- [user-management-service] [           main] JpaBaseConfiguration$JpaWebConfiguration : spring.jpa.open-in-view is enabled by default. Therefore, database queries may be performed during view rendering. Explicitly configure spring.jpa.open-in-view to disable this warning
2026-06-06T13:08:27.863+05:30  WARN 3748 --- [user-management-service] [           main] .s.s.UserDetailsServiceAutoConfiguration : 

Using generated security password: 0a6f2dfd-21ab-4d10-a846-e43af0f5d9ee

This generated password is for development use only. Your security configuration must be updated before running your application in production.

2026-06-06T13:08:28.402+05:30  INFO 3748 --- [user-management-service] [           main] o.s.b.a.e.web.EndpointLinksResolver      : Exposing 2 endpoint(s) beneath base path '/actuator'
2026-06-06T13:08:28.489+05:30  INFO 3748 --- [user-management-service] [           main] o.s.s.web.DefaultSecurityFilterChain     : Will secure any request with [org.springframework.security.web.session.DisableEncodeUrlFilter@21298c3a, org.springframework.security.web.context.request.async.WebAsyncManagerIntegrationFilter@4f63219e, org.springframework.security.web.context.SecurityContextHolderFilter@4104b6a6, org.springframework.security.web.header.HeaderWriterFilter@3c88db1, org.springframework.web.filter.CorsFilter@6eaa5458, org.springframework.security.web.authentication.logout.LogoutFilter@d012e18, com.reportit.usermgmt.security.JwtAuthFilter@18c880ea, org.springframework.security.web.savedrequest.RequestCacheAwareFilter@ab5d5c8, org.springframework.security.web.servletapi.SecurityContextHolderAwareRequestFilter@11759e4a, org.springframework.security.web.authentication.AnonymousAuthenticationFilter@74863aec, org.springframework.security.web.session.SessionManagementFilter@75b5d09, org.springframework.security.web.access.ExceptionTranslationFilter@4e396d1c, org.springframework.security.web.access.intercept.AuthorizationFilter@124e538e]
2026-06-06T13:08:28.979+05:30  INFO 3748 --- [user-management-service] [           main] o.s.b.w.embedded.tomcat.TomcatWebServer  : Tomcat started on port 8082 (http) with context path ''
2026-06-06T13:08:28.992+05:30  INFO 3748 --- [user-management-service] [           main] c.r.usermgmt.UserManagementApplication   : Started UserManagementApplication in 14.743 seconds (process running for 15.417)
2026-06-06T13:08:52.728+05:30  INFO 3748 --- [user-management-service] [nio-8082-exec-1] o.a.c.c.C.[Tomcat].[localhost].[/]       : Initializing Spring DispatcherServlet 'dispatcherServlet'
2026-06-06T13:08:52.729+05:30  INFO 3748 --- [user-management-service] [nio-8082-exec-1] o.s.web.servlet.DispatcherServlet        : Initializing Servlet 'dispatcherServlet'
2026-06-06T13:08:52.733+05:30  INFO 3748 --- [user-management-service] [nio-8082-exec-1] o.s.web.servlet.DispatcherServlet        : Completed initialization in 4 ms
[INFO] ------------------------------------------------------------------------
[INFO] BUILD FAILURE
[INFO] ------------------------------------------------------------------------
[INFO] Total time:  28:18 min
[INFO] Finished at: 2026-06-06T13:36:17+05:30
[INFO] ------------------------------------------------------------------------
[ERROR] Failed to execute goal org.springframework.boot:spring-boot-maven-plugin:3.2.5:run (default-cli) on project user-management-service: Process terminated with exit code: 1 -> [Help 1]
[ERROR] 
[ERROR] To see the full stack trace of the errors, re-run Maven with the -e switch.
[ERROR] Re-run Maven using the -X switch to enable full debug logging.
[ERROR] 
[ERROR] For more information about the errors and possible solutions, please read the following articles:
[ERROR] [Help 1] http://cwiki.apache.org/confluence/display/MAVEN/MojoExecutionException
